[ NORMAL  ]  ##   Starting tournament in 5 seconds.
[ NORMAL  ]  ##   Configuring random seed: 42
[ NORMAL  ]  ##   Configuring facilities quadSize: 0.04
[ NORMAL  ]  ##   Configuring facilities blackoutProbability: 0.0
[ NORMAL  ]  ##   Configuring facilities blackoutTimeMin: 5
[ NORMAL  ]  ##   Configuring facilities blackoutTimeMax: 10
[ NORMAL  ]  ##   Configuring facilities charging station density: 0.9
[ NORMAL  ]  ##   Configuring facilities charging station rateMin: 50
[ NORMAL  ]  ##   Configuring facilities charging station rateMax: 150
[ NORMAL  ]  ##   Configuring facilities shop density: 0.8
[ NORMAL  ]  ##   Configuring facilities shop minProd: 3
[ NORMAL  ]  ##   Configuring facilities shop maxProd: 10
[ NORMAL  ]  ##   Configuring facilities shop amountMin: 5
[ NORMAL  ]  ##   Configuring facilities shop amountMax: 20
[ NORMAL  ]  ##   Configuring facilities shop priceAddMin: 100
[ NORMAL  ]  ##   Configuring facilities shop priceAddMax: 150
[ NORMAL  ]  ##   Configuring facilities shop restockMin: 1
[ NORMAL  ]  ##   Configuring facilities shop restockMax: 5
[ NORMAL  ]  ##   Configuring facilities dump density: 0.6
[ NORMAL  ]  ##   Configuring facilities workshops density: 0.6
[ NORMAL  ]  ##   Configuring facilities storage density: 0.8
[ NORMAL  ]  ##   Configuring facilities storage capacityMin: 7500
[ NORMAL  ]  ##   Configuring facilities storage capacityMax: 15000
[ NORMAL  ]  ##   Configuring facilities resource node density: 0.7
[ NORMAL  ]  ##   Configuring facilities resource node gatherFrequencyMin: 4
[ NORMAL  ]  ##   Configuring facilities resource node gatherFrequencyMax: 8
[ NORMAL  ]  ##   Configuring items baseItemsMin: 5
[ NORMAL  ]  ##   Configuring items baseItemsMax: 7
[ NORMAL  ]  ##   Configuring items levelDecreaseMin: 1
[ NORMAL  ]  ##   Configuring items levelDecreaseMax: 2
[ NORMAL  ]  ##   Configuring items graphDepthMin: 3
[ NORMAL  ]  ##   Configuring items graphDepthMax: 4
[ NORMAL  ]  ##   Configuring items resourcesMin: 2
[ NORMAL  ]  ##   Configuring items resourcesMax: 4
[ NORMAL  ]  ##   Configuring items minVol: 10
[ NORMAL  ]  ##   Configuring items maxVol: 50
[ NORMAL  ]  ##   Configuring items valueMin: 10
[ NORMAL  ]  ##   Configuring items valueMax: 100
[ NORMAL  ]  ##   Configuring items minReq: 1
[ NORMAL  ]  ##   Configuring items maxReq: 3
[ NORMAL  ]  ##   Configuring items reqAmountMin: 1
[ NORMAL  ]  ##   Configuring items reqAmountMax: 3
[ NORMAL  ]  ##   Configuring items toolsMin: 3
[ NORMAL  ]  ##   Configuring items toolsMax: 10
[ NORMAL  ]  ##   Configuring items toolProbability: 0.5
[ NORMAL  ]  ##   Configuring jobs rate: 0.2
[ NORMAL  ]  ##   Configuring jobs auctionProbability: 0.4
[ NORMAL  ]  ##   Configuring jobs missionProbability: 0.1
[ NORMAL  ]  ##   Configuring jobs productTypesMin: 3
[ NORMAL  ]  ##   Configuring jobs productTypesMax: 5
[ NORMAL  ]  ##   Configuring jobs difficultyMin: 3
[ NORMAL  ]  ##   Configuring jobs difficultyMax: 12
[ NORMAL  ]  ##   Configuring jobs timeMin: 100
[ NORMAL  ]  ##   Configuring jobs timeMax: 400
[ NORMAL  ]  ##   Configuring jobs rewardAddMin: 50
[ NORMAL  ]  ##   Configuring jobs rewardAddMax: 100
[ NORMAL  ]  ##   Configuring jobs auctionTimeMin: 2
[ NORMAL  ]  ##   Configuring jobs auctionTimeMax: 10
[ NORMAL  ]  ##   Configuring jobs fineSub: 50
[ NORMAL  ]  ##   Configuring jobs fineAdd: 50
[ NORMAL  ]  ##   Configuring jobs maxRewardAdd: 50
[ NORMAL  ]  ##   Configuring jobs missionDifficultyMax: 6
[ NORMAL  ]  ##   Configuring simulation id: 2017-QuickTest-Sim
[ NORMAL  ]  ##   Configuring scenario map: london
[ NORMAL  ]  ##   Configuring scenario seedCapital: 10
[ NORMAL  ]  ##   Configuring scenario minLon: -0.1978
[ NORMAL  ]  ##   Configuring scenario maxLon: -0.0354
[ NORMAL  ]  ##   Configuring scenario minLat: 51.4647
[ NORMAL  ]  ##   Configuring scenario maxLat: 51.5223
[ NORMAL  ]  ##   Configuring scenario proximity: 5
[ NORMAL  ]  ##   Configuring scenario cellSize: 500
[ NORMAL  ]  ##   Configuring scenario centerLat: 51.4885438
[ NORMAL  ]  ##   Configuring scenario centerLon: -0.1112036
[ NORMAL  ]  ##   Configuring post_job limit: 10
[ NORMAL  ]  ##   Configuring random fail probability: 0
[ NORMAL  ]  ##   Configuring visibility range: 500
[ NORMAL  ]  ##   Configuring cost for goto: 10
[ NORMAL  ]  ##   Configuring recharge rate: 5
[ NORMAL  ]  ##   Configuring restock: 1.0
[ NORMAL  ]  ##   Configuring restockResource: 1.0
[ NORMAL  ]  ##   Adding tool: tool0: volume=15 value=58 roles=[spaceShip]
[ NORMAL  ]  ##   Adding tool: tool1: volume=36 value=13 roles=[spaceShip]
[ NORMAL  ]  ##   Adding tool: tool2: volume=40 value=31 roles=[spaceShip]
[ NORMAL  ]  ##   Adding tool: tool3: volume=22 value=57 roles=[spaceShip]
[ NORMAL  ]  ##   Adding tool: tool4: volume=21 value=53 roles=[spaceShip]
[ NORMAL  ]  ##   Adding tool: tool5: volume=17 value=87 roles=[spaceShip]
[ NORMAL  ]  ##   Adding tool: tool6: volume=49 value=72 roles=[spaceShip]
[ NORMAL  ]  ##   Adding tool: tool7: volume=11 value=29 roles=[spaceShip]
[ NORMAL  ]  ##   Generated item graph level 0
[ NORMAL  ]  ##   Generated item: Item item0: 	vol(19)	AV(0)	val(31)	reqBaseIt([(1, item0)])
[ NORMAL  ]  ##   Generated item: Item item1: 	vol(39)	AV(0)	val(90)	reqBaseIt([(1, item1)])
[ NORMAL  ]  ##   Generated item: Item item2: 	vol(31)	AV(0)	val(65)	reqBaseIt([(1, item2)])
[ NORMAL  ]  ##   Generated item: Item item3: 	vol(24)	AV(0)	val(37)	reqBaseIt([(1, item3)])
[ NORMAL  ]  ##   Generated item: Item item4: 	vol(23)	AV(0)	val(71)	reqBaseIt([(1, item4)])
[ NORMAL  ]  ##   Generated item: Item item5: 	vol(25)	AV(0)	val(26)	reqBaseIt([(1, item5)])
[ NORMAL  ]  ##   Generated item: Item item6: 	vol(18)	AV(0)	val(89)	reqBaseIt([(1, item6)])
[ NORMAL  ]  ##   Generated item: Item item7: 	vol(11)	AV(0)	val(87)	reqBaseIt([(1, item7)])
[ NORMAL  ]  ##   Generated item: Item item8: 	vol(20)	AV(0)	val(46)	reqBaseIt([(1, item8)])
[ NORMAL  ]  ##   Generated item graph level 1
[ NORMAL  ]  ##   Generated item: Item item9: 	vol(101)	AV(1)	val(0)	parts([(3, item5), (2, item0), (2, item6)])	reqBaseIt([(3, item5), (2, item0), (2, item6)])
[ NORMAL  ]  ##   Generated item: Item item10: 	vol(52)	AV(1)	val(0)	parts([(3, item5)])	tools([tool4])	reqBaseIt([(3, item5)])
[ NORMAL  ]  ##   Generated item: Item item11: 	vol(134)	AV(1)	val(0)	parts([(2, item5), (2, item1), (2, item6)])	reqBaseIt([(2, item5), (2, item1), (2, item6)])
[ NORMAL  ]  ##   Generated item: Item item12: 	vol(78)	AV(1)	val(0)	parts([(1, item0), (3, item6), (2, item8)])	tools([tool5, tool4])	reqBaseIt([(1, item0), (3, item6), (2, item8)])
[ NORMAL  ]  ##   Generated item graph level 2
[ NORMAL  ]  ##   Generated item: Item item13: 	vol(108)	AV(3)	val(0)	parts([(2, item12), (3, item6)])	tools([tool1])	reqBaseIt([(2, item0), (9, item6), (4, item8)])
[ NORMAL  ]  ##   Generated item: Item item14: 	vol(161)	AV(3)	val(0)	parts([(2, item11)])	tools([tool1, tool4])	reqBaseIt([(4, item5), (4, item1), (4, item6)])
[ NORMAL  ]  ##   Generated item: Item item15: 	vol(259)	AV(3)	val(0)	parts([(3, item2), (3, item7), (2, item11)])	reqBaseIt([(3, item2), (4, item5), (4, item1), (3, item7), (4, item6)])
[ NORMAL  ]  ##   Generated item graph level 3
[ NORMAL  ]  ##   Generated item: Item item16: 	vol(221)	AV(7)	val(0)	parts([(1, item2), (2, item14), (1, item3)])	tools([tool6, tool1])	reqBaseIt([(1, item2), (8, item5), (8, item1), (1, item3), (8, item6)])
[ NORMAL  ]  ##   Generated item: Item item17: 	vol(211)	AV(4)	val(0)	parts([(1, item15)])	reqBaseIt([(3, item2), (4, item5), (4, item1), (3, item7), (4, item6)])
[ NORMAL  ]  ##   Generated item graph level 4
[ NORMAL  ]  ##   Generated item: Item item18: 	vol(414)	AV(9)	val(0)	parts([(2, item17)])	tools([tool7])	reqBaseIt([(6, item2), (8, item5), (8, item1), (6, item7), (8, item6)])
[ ERROR  ] java.lang.NoClassDefFoundError: javax/xml/bind/JAXBException : [massim.LoginManager.handleSocket(LoginManager.java:112), massim.LoginManager.lambda$null$18(LoginManager.java:50), java.base/java.lang.Thread.run(Unknown Source)][ NORMAL  ]  ##   Added resource node: resourceNode0: item5 51.47721, -0.11842
[ NORMAL  ]  ##   Added resource node: resourceNode1: item6 51.47169, -0.05231
[ NORMAL  ]  ##   Added resource node: resourceNode2: item7 51.50099, -0.0363
[ NORMAL  ]  ##   Added resource node: resourceNode3: item8 51.51278, -0.16443
[ NORMAL  ]  ##   Added resource node: resourceNode4: item5 51.50627, -0.13494
[ NORMAL  ]  ##   Added resource node: resourceNode5: item6 51.51811, -0.08969
[ NORMAL  ]  ##   Added resource node: resourceNode6: item7 51.51598, -0.04166
[ NORMAL  ]  ##   Added resource node: resourceNode7: item8 51.50676, -0.0377
[ NORMAL  ]  ##   Added facility: chargingStation0 loc(-0.19371,51.46543) rate(107)
[ NORMAL  ]  ##   Added facility: chargingStation1 loc(-0.14972,51.48301) rate(92)
[ NORMAL  ]  ##   Added facility: chargingStation2 loc(-0.07565,51.48163) rate(65)
[ NORMAL  ]  ##   Added facility: chargingStation3 loc(-0.18839,51.50413) rate(129)
[ NORMAL  ]  ##   Added facility: chargingStation4 loc(-0.1376,51.51948) rate(134)
[ NORMAL  ]  ##   Added facility: chargingStation5 loc(-0.09151,51.51811) rate(146)
[ NORMAL  ]  ##   Added facility: chargingStation6 loc(-0.05196,51.51939) rate(116)
[ NORMAL  ]  ##   Added facility: chargingStation7 loc(-0.03713,51.51394) rate(102)
[ NORMAL  ]  ##   Added facility: shop0 loc(-0.18426,51.48311) restock(5) 	stock([(9, item2, 74), (5, tool6, 79), (7, tool1, 15), (15, item3, 41), (10, item6, 127), (10, item8, 58)])
[ NORMAL  ]  ##   Added facility: shop1 loc(-0.13952,51.47425) restock(5) 	stock([(11, item2, 93), (6, item0, 37), (5, tool7, 31)])
[ NORMAL  ]  ##   Added facility: shop2 loc(-0.09713,51.48733) restock(2) 	stock([(10, tool6, 82), (15, tool0, 61), (5, item0, 44), (6, tool1, 18), (11, item6, 116), (12, tool2, 41)])
[ NORMAL  ]  ##   Added facility: shop3 loc(-0.06473,51.49006) restock(3) 	stock([(19, item2, 92), (9, tool6, 82), (15, tool0, 80), (12, tool3, 62), (8, item3, 43), (9, tool4, 56), (8, item8, 64), (17, tool7, 41), (6, tool2, 35)])
[ NORMAL  ]  ##   Added facility: shop4 loc(-0.03794,51.48099) restock(4) 	stock([(12, item1, 91), (19, tool6, 95), (5, tool0, 80), (12, tool3, 60), (8, tool4, 72), (15, tool2, 34)])
[ NORMAL  ]  ##   Added facility: shop5 loc(-0.15958,51.50991) restock(2) 	stock([(20, item5, 34), (7, item1, 91), (18, item0, 45), (20, tool3, 81), (11, tool1, 13), (15, item3, 48), (10, tool5, 99), (14, tool4, 68), (19, item8, 57), (6, tool7, 31), (19, tool2, 43)])
[ NORMAL  ]  ##   Added facility: shop6 loc(-0.12819,51.51357) restock(5) 	stock([(8, item2, 87), (19, tool6, 98), (10, tool1, 13), (14, item7, 103), (14, item3, 38), (5, tool5, 102), (18, item6, 131), (17, tool4, 73)])
[ NORMAL  ]  ##   Added facility: shop7 loc(-0.10072,51.51545) restock(3) 	stock([(15, item1, 91), (10, item4, 81), (9, tool0, 75), (8, tool3, 60), (12, tool1, 13), (5, item3, 49), (8, tool5, 107), (7, item8, 63), (18, tool4, 75), (13, tool2, 35)])
[ NORMAL  ]  ##   Added facility: shop8 loc(-0.04717,51.51861) restock(2) 	stock([(8, tool3, 57), (10, tool1, 13), (16, item3, 37), (9, item8, 68)])
[ NORMAL  ]  ##   Added facility: shop9 loc(-0.03596,51.51833) restock(4) 	stock([(15, item2, 92), (20, item4, 71), (11, tool6, 108), (8, tool3, 60), (20, tool1, 17), (13, item7, 116), (5, item3, 48), (19, tool5, 114), (15, tool4, 67), (19, item8, 49)])
[ NORMAL  ]  ##   Added facility: dump0 loc(-0.11826,51.49441)
[ NORMAL  ]  ##   Added facility: dump1 loc(-0.05585,51.47322)
[ NORMAL  ]  ##   Added facility: dump2 loc(-0.14567,51.50801)
[ NORMAL  ]  ##   Added facility: workshop0 loc(-0.12216,51.47625)
[ NORMAL  ]  ##   Added facility: workshop1 loc(-0.06165,51.49619)
[ NORMAL  ]  ##   Added facility: workshop2 loc(-0.03591,51.46627)
[ NORMAL  ]  ##   Added facility: workshop3 loc(-0.18717,51.51508)
[ NORMAL  ]  ##   Added facility: workshop4 loc(-0.15658,51.51604)
[ NORMAL  ]  ##   Added facility: workshop5 loc(-0.0893,51.51574)
[ NORMAL  ]  ##   Added facility: storage0 loc(-0.19748,51.48998) capacity(13786)
[ NORMAL  ]  ##   Added facility: storage1 loc(-0.14771,51.50409) capacity(12374)
[ NORMAL  ]  ##   Added facility: storage2 loc(-0.07923,51.49102) capacity(11897)
[ NORMAL  ]  ##   Added facility: storage3 loc(-0.05271,51.47404) capacity(13421)
[ NORMAL  ]  ##   Added facility: storage4 loc(-0.03714,51.48096) capacity(8413)
[ NORMAL  ]  ##   Added facility: storage5 loc(-0.16197,51.51676) capacity(12549)
[ NORMAL  ]  ##   Added facility: storage6 loc(-0.14705,51.51479) capacity(12051)
[ NORMAL  ]  ##   Added facility: storage7 loc(-0.08404,51.5112) capacity(10199)
[ NORMAL  ]  ##   Added facility: storage8 loc(-0.05117,51.50974) capacity(14735)
[ NORMAL  ]  ##   Added facility: storage9 loc(-0.03683,51.51408) capacity(14773)
[ NORMAL  ]  ##   Added facility: resourceNode0 loc(-0.11842,51.47721)
[ NORMAL  ]  ##   Added facility: resourceNode1 loc(-0.05231,51.47169)
[ NORMAL  ]  ##   Added facility: resourceNode2 loc(-0.0363,51.50099)
[ NORMAL  ]  ##   Added facility: resourceNode3 loc(-0.16443,51.51278)
[ NORMAL  ]  ##   Added facility: resourceNode4 loc(-0.13494,51.50627)
[ NORMAL  ]  ##   Added facility: resourceNode5 loc(-0.08969,51.51811)
[ NORMAL  ]  ##   Added facility: resourceNode6 loc(-0.04166,51.51598)
[ NORMAL  ]  ##   Added facility: resourceNode7 loc(-0.0377,51.50676)
[ ERROR  ]  ##   GH: Connection between locations not found
[ ERROR  ]  ##   GH: Connection between locations not found
[ ERROR  ]  ##   Too few agents configured for team A, using agent name A-unconfigured-28.
[ ERROR  ]  ##   Too few agents configured for team A, using agent name A-unconfigured-29.
[ ERROR  ]  ##   Too few agents configured for team B, using agent name B-unconfigured-28.
[ ERROR  ]  ##   Too few agents configured for team B, using agent name B-unconfigured-29.
[ ERROR  ] java.lang.NoClassDefFoundError: javax/xml/bind/JAXBException : [massim.scenario.city.CitySimulation.init(CitySimulation.java:68), massim.Server.runMatch(Server.java:307), massim.Server.go(Server.java:234), massim.Server.main(Server.java:135)]